<?xml version="1.0" encoding="utf-8"?><testsuites><testsuite name="pytest" errors="0" failures="0" skipped="0" tests="6" time="0.194" timestamp="2023-09-03T11:19:40.408899" hostname="DESKTOP-S15PP4S"><testcase classname="tests.test_employees" name="test_fetch_single_employee" time="0.026" /><testcase classname="tests.test_employees" name="test_all_employees" time="0.009" /><testcase classname="tests.test_employees" name="test_create_employee" time="0.016" /><testcase classname="tests.test_employees" name="test_update_single_field" time="0.014" /><testcase classname="tests.test_employees" name="test_update_entire_data" time="0.014" /><testcase classname="tests.test_employees" name="test_delete_employee" time="0.014" /></testsuite></testsuites>