<?xml version="1.0" encoding="utf-8"?><testsuites><testsuite name="pytest" errors="0" failures="0" skipped="0" tests="5" time="16.721" timestamp="2023-09-23T12:31:27.588557" hostname="DESKTOP-S15PP4S"><testcase classname="tests.test_employees" name="test_fetch_employee" time="0.648" /><testcase classname="tests.test_employees" name="test_fetch_list_of_employees" time="0.116" /><testcase classname="tests.test_employees" name="test_create_employee" time="0.024" /><testcase classname="tests.test_employees" name="test_delete_employee" time="0.036" /><testcase classname="tests.test_employees" name="test_validate_schema" time="15.074" /></testsuite></testsuites>